app/build/outputs/logs/manifest-merger-debug-report.txt
-- Merging decision tree log ---
manifest
ADDED from src/main/AndroidManifest.xml:2:1-44:12
	package
		ADDED from src/main/AndroidManifest.xml:3:5-23
		INJECTED from src/main/AndroidManifest.xml
		INJECTED from src/main/AndroidManifest.xml
	android:versionName
		INJECTED from src/main/AndroidManifest.xml
		INJECTED from src/main/AndroidManifest.xml
	xmlns:android
		ADDED from src/main/AndroidManifest.xml:2:11-69
	android:versionCode
		INJECTED from src/main/AndroidManifest.xml
		INJECTED from src/main/AndroidManifest.xml
uses-permission#android.permission.INTERNET
ADDED from src/main/AndroidManifest.xml:6:5-67
	android:name
		ADDED from src/main/AndroidManifest.xml:6:22-64
uses-permission#android.permission.WRITE_EXTERNAL_STORAGE
ADDED from src/main/AndroidManifest.xml:7:5-81
MERGED from [com.squareup.leakcanary:leakcanary-android:1.5.1] AndroidManifest.xml:24:5-81
	android:name
		ADDED from src/main/AndroidManifest.xml:7:22-78
uses-permission#android.permission.READ_EXTERNAL_STORAGE
ADDED from src/main/AndroidManifest.xml:8:5-80
MERGED from [com.squareup.leakcanary:leakcanary-android:1.5.1] AndroidManifest.xml:23:5-80
	android:name
		ADDED from src/main/AndroidManifest.xml:8:22-77
uses-permission#android.permission.ACCESS_NETWORK_STATE
ADDED from src/main/AndroidManifest.xml:9:5-79
	android:name
		ADDED from src/main/AndroidManifest.xml:9:22-76
uses-permission#android.permission.ACCESS_WIFI_STATE
ADDED from src/main/AndroidManifest.xml:10:5-76
	android:name
		ADDED from src/main/AndroidManifest.xml:10:22-73
uses-permission#android.permission.ACCESS_COARSE_LOCATION
ADDED from src/main/AndroidManifest.xml:12:5-81
	android:name
		ADDED from src/main/AndroidManifest.xml:12:22-78
uses-permission#android.permission.ACCESS_FINE_LOCATION
ADDED from src/main/AndroidManifest.xml:13:5-79
	android:name
		ADDED from src/main/AndroidManifest.xml:13:22-76
uses-permission#android.permission.CHANGE_WIFI_STATE
ADDED from src/main/AndroidManifest.xml:14:5-76
	android:name
		ADDED from src/main/AndroidManifest.xml:14:22-73
uses-permission#android.permission.READ_PHONE_STATE
ADDED from src/main/AndroidManifest.xml:15:5-75
	android:name
		ADDED from src/main/AndroidManifest.xml:15:22-72
application
ADDED from src/main/AndroidManifest.xml:17:5-42:19
MERGED from [com.android.support:design:25.3.1] AndroidManifest.xml:29:5-20
MERGED from [com.android.support:transition:25.3.1] AndroidManifest.xml:26:5-20
MERGED from [com.android.support:cardview-v7:25.3.1] AndroidManifest.xml:26:5-20
MERGED from [com.tbruyelle.rxpermissions:rxpermissions:0.7.0] AndroidManifest.xml:10:5-15:19
MERGED from [com.gyf.barlibrary:barlibrary:2.2.4] AndroidManifest.xml:11:5-14:38
MERGED from [com.sackcentury:shinebutton:0.1.6] AndroidManifest.xml:11:5-15:19
MERGED from [com.daasuu:EasingInterpolator:1.0.0] AndroidManifest.xml:11:5-15:19
MERGED from [com.android.support:appcompat-v7:25.3.1] AndroidManifest.xml:29:5-20
MERGED from [com.android.support:animated-vector-drawable:25.3.1] AndroidManifest.xml:26:5-20
MERGED from [com.android.support:support-vector-drawable:25.3.1] AndroidManifest.xml:26:5-20
MERGED from [Jing:flotatingActionButton:unspecified] AndroidManifest.xml:12:5-20
MERGED from [com.android.support:support-v4:25.3.1] AndroidManifest.xml:29:5-20
MERGED from [com.android.support:support-fragment:25.3.1] AndroidManifest.xml:29:5-20
MERGED from [com.android.support:support-media-compat:25.3.1] AndroidManifest.xml:29:5-20
MERGED from [com.android.support:support-core-utils:25.3.1] AndroidManifest.xml:29:5-20
MERGED from [com.nispok:snackbar:2.11.0] AndroidManifest.xml:10:5-20
MERGED from [com.android.support:support-core-ui:25.3.1] AndroidManifest.xml:29:5-20
MERGED from [com.android.support:support-compat:25.3.1] AndroidManifest.xml:29:5-20
MERGED from [com.squareup.leakcanary:leakcanary-android:1.5.1] AndroidManifest.xml:26:5-55:19
	android:label
		ADDED from src/main/AndroidManifest.xml:21:9-41
	android:supportsRtl
		ADDED from src/main/AndroidManifest.xml:22:9-35
	android:allowBackup
		ADDED from src/main/AndroidManifest.xml:19:9-35
	android:icon
		ADDED from src/main/AndroidManifest.xml:20:9-43
	android:theme
		ADDED from src/main/AndroidManifest.xml:23:9-40
	android:name
		ADDED from src/main/AndroidManifest.xml:18:9-50
meta-data#com.amap.api.v2.apikey
ADDED from src/main/AndroidManifest.xml:25:9-27:64
	android:value
		ADDED from src/main/AndroidManifest.xml:27:13-61
	android:name
		ADDED from src/main/AndroidManifest.xml:26:13-50
activity#com.jing.activity.splash.SplashActivity
ADDED from src/main/AndroidManifest.xml:29:9-38:20
	android:screenOrientation
		ADDED from src/main/AndroidManifest.xml:31:13-49
	android:theme
		ADDED from src/main/AndroidManifest.xml:32:13-47
	android:name
		ADDED from src/main/AndroidManifest.xml:30:13-59
intent-filter#android.intent.action.MAIN+android.intent.category.LAUNCHER
ADDED from src/main/AndroidManifest.xml:33:13-37:29
action#android.intent.action.MAIN
ADDED from src/main/AndroidManifest.xml:34:17-69
	android:name
		ADDED from src/main/AndroidManifest.xml:34:25-66
category#android.intent.category.LAUNCHER
ADDED from src/main/AndroidManifest.xml:36:17-77
	android:name
		ADDED from src/main/AndroidManifest.xml:36:27-74
activity#com.jing.activity.MainActivity
ADDED from src/main/AndroidManifest.xml:40:9-59
	android:name
		ADDED from src/main/AndroidManifest.xml:40:19-56
activity#com.jing.activity.AboutMeActivity
ADDED from src/main/AndroidManifest.xml:41:9-62
	android:name
		ADDED from src/main/AndroidManifest.xml:41:19-59
uses-sdk
INJECTED from src/main/AndroidManifest.xml reason: use-sdk injection requested
MERGED from [com.android.support:design:25.3.1] AndroidManifest.xml:21:5-23:62
MERGED from [com.android.support:transition:25.3.1] AndroidManifest.xml:20:5-44
MERGED from [com.android.support:cardview-v7:25.3.1] AndroidManifest.xml:20:5-43
MERGED from [com.jakewharton:butterknife:8.4.0] AndroidManifest.xml:5:5-43
MERGED from [com.trello:rxlifecycle-components:1.0] AndroidManifest.xml:17:5-44
MERGED from [com.trello:rxlifecycle-android:1.0] AndroidManifest.xml:17:5-44
MERGED from [com.jakewharton.rxbinding:rxbinding:0.4.0] AndroidManifest.xml:6:5-44
MERGED from [io.reactivex:rxandroid:1.2.1] AndroidManifest.xml:19:5-43
MERGED from [com.tbruyelle.rxpermissions:rxpermissions:0.7.0] AndroidManifest.xml:6:5-8:41
MERGED from [com.github.CymChad:BaseRecyclerViewAdapterHelper:2.9.22] AndroidManifest.xml:7:5-9:41
MERGED from [com.gyf.barlibrary:barlibrary:2.2.4] AndroidManifest.xml:7:5-9:41
MERGED from [com.sackcentury:shinebutton:0.1.6] AndroidManifest.xml:7:5-9:41
MERGED from [com.daasuu:EasingInterpolator:1.0.0] AndroidManifest.xml:7:5-9:41
MERGED from [com.android.support:appcompat-v7:25.3.1] AndroidManifest.xml:21:5-23:78
MERGED from [com.android.support:animated-vector-drawable:25.3.1] AndroidManifest.xml:20:5-44
MERGED from [com.android.support:support-vector-drawable:25.3.1] AndroidManifest.xml:20:5-43
MERGED from [com.github.ybq:Android-SpinKit:1.1.0] AndroidManifest.xml:6:5-8:41
MERGED from [Jing:flotatingActionButton:unspecified] AndroidManifest.xml:8:5-10:41
MERGED from [com.android.support:support-v4:25.3.1] AndroidManifest.xml:21:5-23:54
MERGED from [com.android.support:support-fragment:25.3.1] AndroidManifest.xml:21:5-23:60
MERGED from [com.android.support:support-media-compat:25.3.1] AndroidManifest.xml:21:5-23:63
MERGED from [com.android.support:support-core-utils:25.3.1] AndroidManifest.xml:21:5-23:61
MERGED from [com.nispok:snackbar:2.11.0] AndroidManifest.xml:6:5-8:41
MERGED from [com.android.support:recyclerview-v7:25.3.1] AndroidManifest.xml:20:5-43
MERGED from [com.android.support:support-core-ui:25.3.1] AndroidManifest.xml:21:5-23:58
MERGED from [com.android.support:support-compat:25.3.1] AndroidManifest.xml:21:5-23:58
MERGED from [com.squareup.leakcanary:leakcanary-android:1.5.1] AndroidManifest.xml:20:5-44
	tools:overrideLibrary
		ADDED from [com.android.support:design:25.3.1] AndroidManifest.xml:23:9-59
	android:targetSdkVersion
		INJECTED from src/main/AndroidManifest.xml
		INJECTED from src/main/AndroidManifest.xml
	android:minSdkVersion
		INJECTED from src/main/AndroidManifest.xml
		INJECTED from src/main/AndroidManifest.xml
meta-data#android.support.VERSION
ADDED from [com.android.support:design:25.3.1] AndroidManifest.xml:25:5-27:34
MERGED from [com.android.support:transition:25.3.1] AndroidManifest.xml:22:5-24:34
MERGED from [com.android.support:cardview-v7:25.3.1] AndroidManifest.xml:22:5-24:34
MERGED from [com.android.support:appcompat-v7:25.3.1] AndroidManifest.xml:25:5-27:34
MERGED from [com.android.support:animated-vector-drawable:25.3.1] AndroidManifest.xml:22:5-24:34
MERGED from [com.android.support:support-vector-drawable:25.3.1] AndroidManifest.xml:22:5-24:34
MERGED from [com.android.support:support-v4:25.3.1] AndroidManifest.xml:25:5-27:34
MERGED from [com.android.support:support-fragment:25.3.1] AndroidManifest.xml:25:5-27:34
MERGED from [com.android.support:support-media-compat:25.3.1] AndroidManifest.xml:25:5-27:34
MERGED from [com.android.support:support-core-utils:25.3.1] AndroidManifest.xml:25:5-27:34
MERGED from [com.android.support:recyclerview-v7:25.3.1] AndroidManifest.xml:22:5-24:34
MERGED from [com.android.support:support-core-ui:25.3.1] AndroidManifest.xml:25:5-27:34
MERGED from [com.android.support:support-compat:25.3.1] AndroidManifest.xml:25:5-27:34
	android:value
		ADDED from [com.android.support:design:25.3.1] AndroidManifest.xml:27:9-31
	android:name
		ADDED from [com.android.support:design:25.3.1] AndroidManifest.xml:26:9-47
activity#com.tbruyelle.rxpermissions.ShadowActivity
ADDED from [com.tbruyelle.rxpermissions:rxpermissions:0.7.0] AndroidManifest.xml:11:9-14:75
	android:launchMode
		ADDED from [com.tbruyelle.rxpermissions:rxpermissions:0.7.0] AndroidManifest.xml:13:13-43
	android:theme
		ADDED from [com.tbruyelle.rxpermissions:rxpermissions:0.7.0] AndroidManifest.xml:14:13-72
	android:name
		ADDED from [com.tbruyelle.rxpermissions:rxpermissions:0.7.0] AndroidManifest.xml:12:13-70
service#com.squareup.leakcanary.internal.HeapAnalyzerService
ADDED from [com.squareup.leakcanary:leakcanary-android:1.5.1] AndroidManifest.xml:27:9-30:45
	android:enabled
		ADDED from [com.squareup.leakcanary:leakcanary-android:1.5.1] AndroidManifest.xml:29:13-36
	android:process
		ADDED from [com.squareup.leakcanary:leakcanary-android:1.5.1] AndroidManifest.xml:30:13-42
	android:name
		ADDED from [com.squareup.leakcanary:leakcanary-android:1.5.1] AndroidManifest.xml:28:13-80
service#com.squareup.leakcanary.DisplayLeakService
ADDED from [com.squareup.leakcanary:leakcanary-android:1.5.1] AndroidManifest.xml:31:9-33:39
	android:enabled
		ADDED from [com.squareup.leakcanary:leakcanary-android:1.5.1] AndroidManifest.xml:33:13-36
	android:name
		ADDED from [com.squareup.leakcanary:leakcanary-android:1.5.1] AndroidManifest.xml:32:13-70
activity#com.squareup.leakcanary.internal.DisplayLeakActivity
ADDED from [com.squareup.leakcanary:leakcanary-android:1.5.1] AndroidManifest.xml:35:9-47:20
	android:enabled
		ADDED from [com.squareup.leakcanary:leakcanary-android:1.5.1] AndroidManifest.xml:37:13-36
	android:label
		ADDED from [com.squareup.leakcanary:leakcanary-android:1.5.1] AndroidManifest.xml:39:13-71
	android:icon
		ADDED from [com.squareup.leakcanary:leakcanary-android:1.5.1] AndroidManifest.xml:38:13-54
	android:theme
		ADDED from [com.squareup.leakcanary:leakcanary-android:1.5.1] AndroidManifest.xml:41:13-63
	android:taskAffinity
		ADDED from [com.squareup.leakcanary:leakcanary-android:1.5.1] AndroidManifest.xml:40:13-76
	android:name
		ADDED from [com.squareup.leakcanary:leakcanary-android:1.5.1] AndroidManifest.xml:36:13-80
activity#com.squareup.leakcanary.internal.RequestStoragePermissionActivity
ADDED from [com.squareup.leakcanary:leakcanary-android:1.5.1] AndroidManifest.xml:48:9-54:68
	android:enabled
		ADDED from [com.squareup.leakcanary:leakcanary-android:1.5.1] AndroidManifest.xml:50:13-36
	android:label
		ADDED from [com.squareup.leakcanary:leakcanary-android:1.5.1] AndroidManifest.xml:52:13-82
	android:icon
		ADDED from [com.squareup.leakcanary:leakcanary-android:1.5.1] AndroidManifest.xml:51:13-54
	android:theme
		ADDED from [com.squareup.leakcanary:leakcanary-android:1.5.1] AndroidManifest.xml:54:13-65
	android:taskAffinity
		ADDED from [com.squareup.leakcanary:leakcanary-android:1.5.1] AndroidManifest.xml:53:13-76
	android:name
		ADDED from [com.squareup.leakcanary:leakcanary-android:1.5.1] AndroidManifest.xml:49:13-93